<?xml version="1.0" encoding="UTF-8"?>
<!-- Generated by org.testng.reporters.JUnitReportReporter -->
<testsuite hostname="LAP-HO-49965" failures="0" tests="2" name="testNG.Test1" time="0.012" errors="0" timestamp="2025-07-15T14:33:07 IST" skipped="0">
  <testcase classname="testNG.Test1" name="firstTest" time="0.011"/>
  <testcase classname="testNG.Test1" name="secondTest" time="0.001"/>
</testsuite> <!-- testNG.Test1 -->
