<?xml version="1.0" encoding="UTF-8"?>
<!-- Generated by org.testng.reporters.JUnitReportReporter -->
<testsuite hostname="LAP-HO-49965" failures="0" tests="1" name="testNG.Test2" time="0.010" errors="0" timestamp="2025-07-15T14:32:43 IST" skipped="0">
  <testcase classname="testNG.Test2" name="demo" time="0.010"/>
</testsuite> <!-- testNG.Test2 -->
