<?xml version="1.0" encoding="UTF-8"?>
<!-- Generated by org.testng.reporters.JUnitReportReporter -->
<testsuite hostname="LAP-HO-49965" failures="0" tests="1" name="newPackage.test" time="0.010" errors="0" timestamp="2025-07-15T14:38:16 IST" skipped="0">
  <testcase classname="newPackage.test" name="test" time="0.010"/>
</testsuite> <!-- newPackage.test -->
