<?xml version="1.0" encoding="UTF-8"?>
<!-- Generated by org.testng.reporters.JUnitReportReporter -->
<testsuite hostname="LAP-HO-49965" failures="0" tests="1" name="testNG.Test2" time="0.002" errors="0" timestamp="2025-07-17T12:19:02 IST" skipped="0">
  <testcase classname="testNG.Test2" name="lastexecution" time="0.002"/>
</testsuite> <!-- testNG.Test2 -->
