<?xml version="1.0" encoding="UTF-8"?>
<!-- Generated by org.testng.reporters.JUnitReportReporter -->
<testsuite hostname="LAP-HO-49965" failures="0" tests="4" name="testNG.Test1" time="0.022" errors="0" timestamp="2025-07-17T12:19:02 IST" skipped="1">
  <testcase classname="testNG.Test1" name="secondTest" time="0.013"/>
  <testcase classname="testNG.Test1" name="fourthTest" time="0.008"/>
  <testcase classname="testNG.Test1" name="firstTest" time="0.001"/>
  <testcase classname="testNG.Test1" name="thirdTest">
    <skipped/>
  </testcase> <!-- thirdTest -->
</testsuite> <!-- testNG.Test1 -->
