<?xml version="1.0" encoding="UTF-8"?>
<!-- Generated by org.testng.reporters.JUnitReportReporter -->
<testsuite hostname="LAP-HO-49965" failures="0" tests="3" name="testNG.Test3" time="0.012" errors="0" timestamp="2025-07-17T14:19:50 IST" skipped="0">
  <testcase classname="testNG.Test3" name="APILohin" time="0.007"/>
  <testcase classname="testNG.Test3" name="APILohin" time="0.002"/>
  <testcase classname="testNG.Test3" name="APILohin" time="0.003"/>
</testsuite> <!-- testNG.Test3 -->
