<?xml version="1.0" encoding="UTF-8"?>
<!-- Generated by org.testng.reporters.JUnitReportReporter -->
<testsuite hostname="LAP-HO-49965" failures="0" tests="2" name="testNG.Test4" time="0.004" errors="0" timestamp="2025-07-17T12:19:02 IST" skipped="0">
  <testcase classname="testNG.Test4" name="webLogin" time="0.002"/>
  <testcase classname="testNG.Test4" name="mobileLogin" time="0.002"/>
</testsuite> <!-- testNG.Test4 -->
